<?xml version="1.0" encoding="UTF-8"?>
<testsuite xmlns:xsi="http://www.w3.org/2001/XMLSchema-instance" xsi:noNamespaceSchemaLocation="https://maven.apache.org/surefire/maven-surefire-plugin/xsd/surefire-test-report-3.0.xsd" version="3.0" name="com.infosys.vault.SecurityWorkflowTest" time="6.626" tests="14" errors="0" skipped="0" failures="0">
  <properties>
[...]
</properties>
  <testcase name="testShareCredentialSuccess" classname="com.infosys.vault.SecurityWorkflowTest" time="1.481">
    <system-out><![CDATA[2026-09-02T19:51:46.612+05:30  INFO 20180 --- [password-vault-backend] [           main] t.c.s.AnnotationConfigContextLoaderUtils : Could not detect default configuration classes for test class [com.infosys.vault.SecurityWorkflowTest]: SecurityWorkflowTest does not declare any static, non-private, non-final, nested classes annotated with @Configuration.
2026-09-02T19:51:46.626+05:30  INFO 20180 --- [password-vault-backend] [           main] .b.t.c.SpringBootTestContextBootstrapper : Found @SpringBootConfiguration com.infosys.vault.PasswordVaultApplication for test class com.infosys.vault.SecurityWorkflowTest

  .   ____          _            __ _ _
 /\\ / ___'_ __ _ _(_)_ __  __ _ \ \ \ \
( ( )\___ | '_ | '_| | '_ \/ _` | \ \ \ \
 \\/  ___)| |_)| | | | | || (_| |  ) ) ) )
  '  |____| .__|_| |_|_| |_\__, | / / / /
 =========|_|==============|___/=/_/_/_/
 :: Spring Boot ::                (v3.2.3)

2026-09-02T19:51:46.657+05:30  INFO 20180 --- [password-vault-backend] [           main] com.infosys.vault.SecurityWorkflowTest   : Starting SecurityWorkflowTest using Java 21.0.11 with PID 20180 (started by RAJA DAKUA in E:\MCA Project\Infosys Project\Password_Fault)
2026-09-02T19:51:46.657+05:30  INFO 20180 --- [password-vault-backend] [           main] com.infosys.vault.SecurityWorkflowTest   : The following 1 profile is active: "postgres"
2026-09-02T19:51:46.839+05:30  INFO 20180 --- [password-vault-backend] [           main] .s.d.r.c.RepositoryConfigurationDelegate : Bootstrapping Spring Data JPA repositories in DEFAULT mode.
2026-09-02T19:51:46.852+05:30  INFO 20180 --- [password-vault-backend] [           main] .s.d.r.c.RepositoryConfigurationDelegate : Finished Spring Data repository scanning in 12 ms. Found 7 JPA repository interfaces.
2026-09-02T19:51:46.996+05:30  INFO 20180 --- [password-vault-backend] [           main] o.hibernate.jpa.internal.util.LogHelper  : HHH000204: Processing PersistenceUnitInfo [name: default]
2026-09-02T19:51:46.999+05:30  INFO 20180 --- [password-vault-backend] [           main] o.h.c.internal.RegionFactoryInitiator    : HHH000026: Second-level cache disabled
2026-09-02T19:51:47.002+05:30  INFO 20180 --- [password-vault-backend] [           main] o.s.o.j.p.SpringPersistenceUnitInfo      : No LoadTimeWeaver setup: ignoring JPA class transformer
2026-09-02T19:51:47.004+05:30  INFO 20180 --- [password-vault-backend] [           main] com.zaxxer.hikari.HikariDataSource       : HikariPool-2 - Starting...
2026-09-02T19:51:47.062+05:30  INFO 20180 --- [password-vault-backend] [           main] com.zaxxer.hikari.pool.HikariPool        : HikariPool-2 - Added connection org.postgresql.jdbc.PgConnection@17e7cc67
2026-09-02T19:51:47.062+05:30  INFO 20180 --- [password-vault-backend] [           main] com.zaxxer.hikari.HikariDataSource       : HikariPool-2 - Start completed.
2026-09-02T19:51:47.280+05:30  INFO 20180 --- [password-vault-backend] [           main] o.h.e.t.j.p.i.JtaPlatformInitiator       : HHH000489: No JTA platform available (set 'hibernate.transaction.jta.platform' to enable JTA platform integration)
2026-09-02T19:51:47.344+05:30  INFO 20180 --- [password-vault-backend] [           main] j.LocalContainerEntityManagerFactoryBean : Initialized JPA EntityManagerFactory for persistence unit 'default'
2026-09-02T19:51:47.570+05:30  WARN 20180 --- [password-vault-backend] [           main] JpaBaseConfiguration$JpaWebConfiguration : spring.jpa.open-in-view is enabled by default. Therefore, database queries may be performed during view rendering. Explicitly configure spring.jpa.open-in-view to disable this warning
2026-09-02T19:51:47.657+05:30  INFO 20180 --- [password-vault-backend] [           main] o.s.s.web.DefaultSecurityFilterChain     : Will secure any request with [org.springframework.security.web.session.DisableEncodeUrlFilter@4537c9f8, org.springframework.security.web.context.request.async.WebAsyncManagerIntegrationFilter@698e2cba, org.springframework.security.web.context.SecurityContextHolderFilter@241861bc, org.springframework.security.web.header.HeaderWriterFilter@74ee07e, org.springframework.web.filter.CorsFilter@6cf47d05, org.springframework.security.web.authentication.logout.LogoutFilter@55880c, com.infosys.vault.security.JwtAuthFilter@59881424, org.springframework.security.web.savedrequest.RequestCacheAwareFilter@5078e308, org.springframework.security.web.servletapi.SecurityContextHolderAwareRequestFilter@2045a469, org.springframework.security.web.authentication.AnonymousAuthenticationFilter@38f704f4, org.springframework.security.web.session.SessionManagementFilter@3c88db1, org.springframework.security.web.access.ExceptionTranslationFilter@7d412ab5, org.springframework.security.web.access.intercept.AuthorizationFilter@1ac9c3cc]
2026-09-02T19:51:47.794+05:30  INFO 20180 --- [password-vault-backend] [           main] o.s.b.t.m.w.SpringBootMockServletContext : Initializing Spring TestDispatcherServlet ''
2026-09-02T19:51:47.794+05:30  INFO 20180 --- [password-vault-backend] [           main] o.s.t.web.servlet.TestDispatcherServlet  : Initializing Servlet ''
2026-09-02T19:51:47.796+05:30  INFO 20180 --- [password-vault-backend] [           main] o.s.t.web.servlet.TestDispatcherServlet  : Completed initialization in 2 ms
2026-09-02T19:51:47.806+05:30  INFO 20180 --- [password-vault-backend] [           main] com.infosys.vault.SecurityWorkflowTest   : Started SecurityWorkflowTest in 1.174 seconds (process running for 9.731)
2026-09-02T19:51:47.822+05:30  INFO 20180 --- [password-vault-backend] [           main] c.i.vault.config.DatabaseSchemaCleanup   : Successfully dropped 'otp' and 'status' columns from 'users' table if present.
2026-09-02T19:51:47.828+05:30  INFO 20180 --- [password-vault-backend] [           main] c.i.vault.config.DatabaseSchemaCleanup   : Successfully ensured schema consistency and dropped unused columns (passcode, recipient_email, sender_email, share_payload, is_shared) from 'vault_items' table.
Hibernate: 
    select
        vi1_0.id,
        vi1_0.category,
        vi1_0.created_at,
        vi1_0.encrypted_password,
        vi1_0.is_favorite,
        vi1_0.iv,
        vi1_0.notes,
        vi1_0.permission_level,
        vi1_0.title,
        vi1_0.updated_at,
        vi1_0.url,
        vi1_0.user_id,
        vi1_0.username 
    from
        vault_items vi1_0
Hibernate: 
    select
        u1_0.id,
        u1_0.email,
        u1_0.full_name,
        u1_0.password_hash,
        u1_0.username 
    from
        users u1_0
Hibernate: 
    insert 
    into
        users
        (email, full_name, password_hash, username) 
    values
        (?, ?, ?, ?)
Hibernate: 
    insert 
    into
        users
        (email, full_name, password_hash, username) 
    values
        (?, ?, ?, ?)
Hibernate: 
    insert 
    into
        vault_items
        (category, created_at, encrypted_password, is_favorite, iv, notes, permission_level, title, updated_at, url, user_id, username, id) 
    values
        (?, ?, ?, ?, ?, ?, ?, ?, ?, ?, ?, ?, ?)
Hibernate: 
    delete 
    from
        vault_items 
    where
        id=?
Hibernate: 
    delete 
    from
        vault_items 
    where
        id=?
Hibernate: 
    delete 
    from
        vault_items 
    where
        id=?
Hibernate: 
    delete 
    from
        users 
    where
        id=?
Hibernate: 
    delete 
    from
        users 
    where
        id=?
Hibernate: 
    select
        vi1_0.id,
        vi1_0.category,
        vi1_0.created_at,
        vi1_0.encrypted_password,
        vi1_0.is_favorite,
        vi1_0.iv,
        vi1_0.notes,
        vi1_0.permission_level,
        vi1_0.title,
        vi1_0.updated_at,
        vi1_0.url,
        vi1_0.user_id,
        vi1_0.username 
    from
        vault_items vi1_0 
    left join
        users u1_0 
            on u1_0.id=vi1_0.user_id 
    where
        vi1_0.id=? 
        and u1_0.id=?
Hibernate: 
    select
        u1_0.id,
        u1_0.email,
        u1_0.full_name,
        u1_0.password_hash,
        u1_0.username 
    from
        users u1_0 
    where
        upper(u1_0.email)=upper(?)
Hibernate: 
    select
        vi1_0.id,
        vi1_0.category,
        vi1_0.created_at,
        vi1_0.encrypted_password,
        vi1_0.is_favorite,
        vi1_0.iv,
        vi1_0.notes,
        vi1_0.permission_level,
        vi1_0.title,
        vi1_0.updated_at,
        vi1_0.url,
        vi1_0.user_id,
        vi1_0.username 
    from
        vault_items vi1_0 
    left join
        users u1_0 
            on u1_0.id=vi1_0.user_id 
    where
        u1_0.id=? 
    order by
        vi1_0.updated_at desc
Hibernate: 
    insert 
    into
        vault_items
        (category, created_at, encrypted_password, is_favorite, iv, notes, permission_level, title, updated_at, url, user_id, username, id) 
    values
        (?, ?, ?, ?, ?, ?, ?, ?, ?, ?, ?, ?, ?)
Hibernate: 
    select
        vi1_0.id,
        vi1_0.category,
        vi1_0.created_at,
        vi1_0.encrypted_password,
        vi1_0.is_favorite,
        vi1_0.iv,
        vi1_0.notes,
        vi1_0.permission_level,
        vi1_0.title,
        vi1_0.updated_at,
        vi1_0.url,
        vi1_0.user_id,
        vi1_0.username 
    from
        vault_items vi1_0
Hibernate: 
    select
        vi1_0.id,
        vi1_0.category,
        vi1_0.created_at,
        vi1_0.encrypted_password,
        vi1_0.is_favorite,
        vi1_0.iv,
        vi1_0.notes,
        vi1_0.permission_level,
        vi1_0.title,
        vi1_0.updated_at,
        vi1_0.url,
        vi1_0.user_id,
        vi1_0.username 
    from
        vault_items vi1_0
Hibernate: 
    select
        vi1_0.id,
        vi1_0.category,
        vi1_0.created_at,
        vi1_0.encrypted_password,
        vi1_0.is_favorite,
        vi1_0.iv,
        vi1_0.notes,
        vi1_0.permission_level,
        vi1_0.title,
        vi1_0.updated_at,
        vi1_0.url,
        vi1_0.user_id,
        vi1_0.username 
    from
        vault_items vi1_0 
    left join
        users u1_0 
            on u1_0.id=vi1_0.user_id 
    where
        u1_0.id=? 
    order by
        vi1_0.updated_at desc
Hibernate: 
    select
        vi1_0.id,
        vi1_0.category,
        vi1_0.created_at,
        vi1_0.encrypted_password,
        vi1_0.is_favorite,
        vi1_0.iv,
        vi1_0.notes,
        vi1_0.permission_level,
        vi1_0.title,
        vi1_0.updated_at,
        vi1_0.url,
        vi1_0.user_id,
        vi1_0.username 
    from
        vault_items vi1_0 
    left join
        users u1_0 
            on u1_0.id=vi1_0.user_id 
    where
        u1_0.id=? 
    order by
        vi1_0.updated_at desc
]]></system-out>
    <system-err><![CDATA[WARNING: A Java agent has been loaded dynamically (C:\Users\dakua\.m2\repository\net\bytebuddy\byte-buddy-agent\1.14.12\byte-buddy-agent-1.14.12.jar)
WARNING: If a serviceability tool is in use, please run with -XX:+EnableDynamicAgentLoading to hide this warning
WARNING: If a serviceability tool is not in use, please run with -Djdk.instrument.traceUsage for more information
WARNING: Dynamic loading of agents will be disallowed by default in a future release
]]></system-err>
  </testcase>
  <testcase name="testLoginSuccess" classname="com.infosys.vault.SecurityWorkflowTest" time="0.439">
    <system-out><![CDATA[Hibernate: 
    select
        vi1_0.id,
        vi1_0.category,
        vi1_0.created_at,
        vi1_0.encrypted_password,
        vi1_0.is_favorite,
        vi1_0.iv,
        vi1_0.notes,
        vi1_0.permission_level,
        vi1_0.title,
        vi1_0.updated_at,
        vi1_0.url,
        vi1_0.user_id,
        vi1_0.username 
    from
        vault_items vi1_0
Hibernate: 
    select
        u1_0.id,
        u1_0.email,
        u1_0.full_name,
        u1_0.password_hash,
        u1_0.username 
    from
        users u1_0
Hibernate: 
    insert 
    into
        users
        (email, full_name, password_hash, username) 
    values
        (?, ?, ?, ?)
Hibernate: 
    insert 
    into
        users
        (email, full_name, password_hash, username) 
    values
        (?, ?, ?, ?)
Hibernate: 
    delete 
    from
        vault_items 
    where
        id=?
Hibernate: 
    delete 
    from
        vault_items 
    where
        id=?
Hibernate: 
    delete 
    from
        vault_items 
    where
        id=?
Hibernate: 
    delete 
    from
        users 
    where
        id=?
Hibernate: 
    delete 
    from
        users 
    where
        id=?
Hibernate: 
    select
        u1_0.id,
        u1_0.email,
        u1_0.full_name,
        u1_0.password_hash,
        u1_0.username 
    from
        users u1_0 
    where
        u1_0.email=?
Hibernate: 
    insert 
    into
        login_security
        (activity, email, login_status, date_and_time) 
    values
        (?, ?, ?, ?)
Hibernate: 
    insert 
    into
        audit_logs
        (action, description, email, timestamp, user_id) 
    values
        (?, ?, ?, ?, ?)
]]></system-out>
  </testcase>
  <testcase name="testGetVaultItems" classname="com.infosys.vault.SecurityWorkflowTest" time="0.238">
    <system-out><![CDATA[Hibernate: 
    select
        vi1_0.id,
        vi1_0.category,
        vi1_0.created_at,
        vi1_0.encrypted_password,
        vi1_0.is_favorite,
        vi1_0.iv,
        vi1_0.notes,
        vi1_0.permission_level,
        vi1_0.title,
        vi1_0.updated_at,
        vi1_0.url,
        vi1_0.user_id,
        vi1_0.username 
    from
        vault_items vi1_0
Hibernate: 
    select
        u1_0.id,
        u1_0.email,
        u1_0.full_name,
        u1_0.password_hash,
        u1_0.username 
    from
        users u1_0
Hibernate: 
    insert 
    into
        users
        (email, full_name, password_hash, username) 
    values
        (?, ?, ?, ?)
Hibernate: 
    insert 
    into
        users
        (email, full_name, password_hash, username) 
    values
        (?, ?, ?, ?)
Hibernate: 
    insert 
    into
        vault_items
        (category, created_at, encrypted_password, is_favorite, iv, notes, permission_level, title, updated_at, url, user_id, username, id) 
    values
        (?, ?, ?, ?, ?, ?, ?, ?, ?, ?, ?, ?, ?)
Hibernate: 
    delete 
    from
        vault_items 
    where
        id=?
Hibernate: 
    delete 
    from
        vault_items 
    where
        id=?
Hibernate: 
    delete 
    from
        vault_items 
    where
        id=?
Hibernate: 
    delete 
    from
        users 
    where
        id=?
Hibernate: 
    delete 
    from
        users 
    where
        id=?
Hibernate: 
    select
        vi1_0.id,
        vi1_0.category,
        vi1_0.created_at,
        vi1_0.encrypted_password,
        vi1_0.is_favorite,
        vi1_0.iv,
        vi1_0.notes,
        vi1_0.permission_level,
        vi1_0.title,
        vi1_0.updated_at,
        vi1_0.url,
        vi1_0.user_id,
        vi1_0.username 
    from
        vault_items vi1_0 
    left join
        users u1_0 
            on u1_0.id=vi1_0.user_id 
    where
        u1_0.id=? 
    order by
        vi1_0.updated_at desc
Hibernate: 
    select
        vi1_0.id,
        vi1_0.category,
        vi1_0.created_at,
        vi1_0.encrypted_password,
        vi1_0.is_favorite,
        vi1_0.iv,
        vi1_0.notes,
        vi1_0.permission_level,
        vi1_0.title,
        vi1_0.updated_at,
        vi1_0.url,
        vi1_0.user_id,
        vi1_0.username 
    from
        vault_items vi1_0
]]></system-out>
  </testcase>
  <testcase name="testCreateDuplicateVaultItem" classname="com.infosys.vault.SecurityWorkflowTest" time="0.367">
    <system-out><![CDATA[Hibernate: 
    select
        vi1_0.id,
        vi1_0.category,
        vi1_0.created_at,
        vi1_0.encrypted_password,
        vi1_0.is_favorite,
        vi1_0.iv,
        vi1_0.notes,
        vi1_0.permission_level,
        vi1_0.title,
        vi1_0.updated_at,
        vi1_0.url,
        vi1_0.user_id,
        vi1_0.username 
    from
        vault_items vi1_0
Hibernate: 
    select
        u1_0.id,
        u1_0.email,
        u1_0.full_name,
        u1_0.password_hash,
        u1_0.username 
    from
        users u1_0
Hibernate: 
    insert 
    into
        users
        (email, full_name, password_hash, username) 
    values
        (?, ?, ?, ?)
Hibernate: 
    insert 
    into
        users
        (email, full_name, password_hash, username) 
    values
        (?, ?, ?, ?)
Hibernate: 
    delete 
    from
        vault_items 
    where
        id=?
Hibernate: 
    delete 
    from
        vault_items 
    where
        id=?
Hibernate: 
    delete 
    from
        vault_items 
    where
        id=?
Hibernate: 
    delete 
    from
        users 
    where
        id=?
Hibernate: 
    delete 
    from
        users 
    where
        id=?
Hibernate: 
    select
        vi1_0.id,
        vi1_0.category,
        vi1_0.created_at,
        vi1_0.encrypted_password,
        vi1_0.is_favorite,
        vi1_0.iv,
        vi1_0.notes,
        vi1_0.permission_level,
        vi1_0.title,
        vi1_0.updated_at,
        vi1_0.url,
        vi1_0.user_id,
        vi1_0.username 
    from
        vault_items vi1_0 
    left join
        users u1_0 
            on u1_0.id=vi1_0.user_id 
    where
        u1_0.id=? 
    order by
        vi1_0.updated_at desc
Hibernate: 
    insert 
    into
        audit_logs
        (action, description, email, timestamp, user_id) 
    values
        (?, ?, ?, ?, ?)
Hibernate: 
    insert 
    into
        vault_items
        (category, created_at, encrypted_password, is_favorite, iv, notes, permission_level, title, updated_at, url, user_id, username, id) 
    values
        (?, ?, ?, ?, ?, ?, ?, ?, ?, ?, ?, ?, ?)
Hibernate: 
    select
        vi1_0.id,
        vi1_0.category,
        vi1_0.created_at,
        vi1_0.encrypted_password,
        vi1_0.is_favorite,
        vi1_0.iv,
        vi1_0.notes,
        vi1_0.permission_level,
        vi1_0.title,
        vi1_0.updated_at,
        vi1_0.url,
        vi1_0.user_id,
        vi1_0.username 
    from
        vault_items vi1_0 
    left join
        users u1_0 
            on u1_0.id=vi1_0.user_id 
    where
        u1_0.id=? 
    order by
        vi1_0.updated_at desc
]]></system-out>
  </testcase>
  <testcase name="testCreateVaultItemSuccess" classname="com.infosys.vault.SecurityWorkflowTest" time="0.245">
    <system-out><![CDATA[Hibernate: 
    select
        vi1_0.id,
        vi1_0.category,
        vi1_0.created_at,
        vi1_0.encrypted_password,
        vi1_0.is_favorite,
        vi1_0.iv,
        vi1_0.notes,
        vi1_0.permission_level,
        vi1_0.title,
        vi1_0.updated_at,
        vi1_0.url,
        vi1_0.user_id,
        vi1_0.username 
    from
        vault_items vi1_0
Hibernate: 
    select
        u1_0.id,
        u1_0.email,
        u1_0.full_name,
        u1_0.password_hash,
        u1_0.username 
    from
        users u1_0
Hibernate: 
    insert 
    into
        users
        (email, full_name, password_hash, username) 
    values
        (?, ?, ?, ?)
Hibernate: 
    insert 
    into
        users
        (email, full_name, password_hash, username) 
    values
        (?, ?, ?, ?)
Hibernate: 
    delete 
    from
        vault_items 
    where
        id=?
Hibernate: 
    delete 
    from
        vault_items 
    where
        id=?
Hibernate: 
    delete 
    from
        vault_items 
    where
        id=?
Hibernate: 
    delete 
    from
        users 
    where
        id=?
Hibernate: 
    delete 
    from
        users 
    where
        id=?
Hibernate: 
    select
        vi1_0.id,
        vi1_0.category,
        vi1_0.created_at,
        vi1_0.encrypted_password,
        vi1_0.is_favorite,
        vi1_0.iv,
        vi1_0.notes,
        vi1_0.permission_level,
        vi1_0.title,
        vi1_0.updated_at,
        vi1_0.url,
        vi1_0.user_id,
        vi1_0.username 
    from
        vault_items vi1_0 
    left join
        users u1_0 
            on u1_0.id=vi1_0.user_id 
    where
        u1_0.id=? 
    order by
        vi1_0.updated_at desc
Hibernate: 
    insert 
    into
        audit_logs
        (action, description, email, timestamp, user_id) 
    values
        (?, ?, ?, ?, ?)
Hibernate: 
    insert 
    into
        vault_items
        (category, created_at, encrypted_password, is_favorite, iv, notes, permission_level, title, updated_at, url, user_id, username, id) 
    values
        (?, ?, ?, ?, ?, ?, ?, ?, ?, ?, ?, ?, ?)
Hibernate: 
    select
        vi1_0.id,
        vi1_0.category,
        vi1_0.created_at,
        vi1_0.encrypted_password,
        vi1_0.is_favorite,
        vi1_0.iv,
        vi1_0.notes,
        vi1_0.permission_level,
        vi1_0.title,
        vi1_0.updated_at,
        vi1_0.url,
        vi1_0.user_id,
        vi1_0.username 
    from
        vault_items vi1_0 
    left join
        users u1_0 
            on u1_0.id=vi1_0.user_id 
    where
        u1_0.id=? 
    order by
        vi1_0.updated_at desc
]]></system-out>
  </testcase>
  <testcase name="testRegisterDuplicateEmail" classname="com.infosys.vault.SecurityWorkflowTest" time="0.293">
    <system-out><![CDATA[Hibernate: 
    select
        vi1_0.id,
        vi1_0.category,
        vi1_0.created_at,
        vi1_0.encrypted_password,
        vi1_0.is_favorite,
        vi1_0.iv,
        vi1_0.notes,
        vi1_0.permission_level,
        vi1_0.title,
        vi1_0.updated_at,
        vi1_0.url,
        vi1_0.user_id,
        vi1_0.username 
    from
        vault_items vi1_0
Hibernate: 
    select
        u1_0.id,
        u1_0.email,
        u1_0.full_name,
        u1_0.password_hash,
        u1_0.username 
    from
        users u1_0
Hibernate: 
    insert 
    into
        users
        (email, full_name, password_hash, username) 
    values
        (?, ?, ?, ?)
Hibernate: 
    insert 
    into
        users
        (email, full_name, password_hash, username) 
    values
        (?, ?, ?, ?)
==================================================
>>> GENERATED OTP FOR [owner@vault.test]: 215743 <<<
==================================================
Hibernate: 
    delete 
    from
        vault_items 
    where
        id=?
Hibernate: 
    delete 
    from
        vault_items 
    where
        id=?
Hibernate: 
    delete 
    from
        vault_items 
    where
        id=?
Hibernate: 
    delete 
    from
        users 
    where
        id=?
Hibernate: 
    delete 
    from
        users 
    where
        id=?
Hibernate: 
    select
        u1_0.id 
    from
        users u1_0 
    where
        u1_0.email=? 
    fetch
        first ? rows only
]]></system-out>
  </testcase>
  <testcase name="testEditAccessRecipientCannotDelete" classname="com.infosys.vault.SecurityWorkflowTest" time="0.247">
    <system-out><![CDATA[Hibernate: 
    select
        vi1_0.id,
        vi1_0.category,
        vi1_0.created_at,
        vi1_0.encrypted_password,
        vi1_0.is_favorite,
        vi1_0.iv,
        vi1_0.notes,
        vi1_0.permission_level,
        vi1_0.title,
        vi1_0.updated_at,
        vi1_0.url,
        vi1_0.user_id,
        vi1_0.username 
    from
        vault_items vi1_0
Hibernate: 
    select
        u1_0.id,
        u1_0.email,
        u1_0.full_name,
        u1_0.password_hash,
        u1_0.username 
    from
        users u1_0
Hibernate: 
    insert 
    into
        users
        (email, full_name, password_hash, username) 
    values
        (?, ?, ?, ?)
Hibernate: 
    insert 
    into
        users
        (email, full_name, password_hash, username) 
    values
        (?, ?, ?, ?)
Hibernate: 
    insert 
    into
        vault_items
        (category, created_at, encrypted_password, is_favorite, iv, notes, permission_level, title, updated_at, url, user_id, username, id) 
    values
        (?, ?, ?, ?, ?, ?, ?, ?, ?, ?, ?, ?, ?)
Hibernate: 
    delete 
    from
        vault_items 
    where
        id=?
Hibernate: 
    delete 
    from
        vault_items 
    where
        id=?
Hibernate: 
    delete 
    from
        vault_items 
    where
        id=?
Hibernate: 
    delete 
    from
        users 
    where
        id=?
Hibernate: 
    delete 
    from
        users 
    where
        id=?
Hibernate: 
    select
        vi1_0.id,
        vi1_0.category,
        vi1_0.created_at,
        vi1_0.encrypted_password,
        vi1_0.is_favorite,
        vi1_0.iv,
        vi1_0.notes,
        vi1_0.permission_level,
        vi1_0.title,
        vi1_0.updated_at,
        vi1_0.url,
        vi1_0.user_id,
        vi1_0.username 
    from
        vault_items vi1_0 
    left join
        users u1_0 
            on u1_0.id=vi1_0.user_id 
    where
        vi1_0.id=? 
        and u1_0.id=?
]]></system-out>
  </testcase>
  <testcase name="testGetLoginActivityReport" classname="com.infosys.vault.SecurityWorkflowTest" time="0.266">
    <system-out><![CDATA[Hibernate: 
    select
        vi1_0.id,
        vi1_0.category,
        vi1_0.created_at,
        vi1_0.encrypted_password,
        vi1_0.is_favorite,
        vi1_0.iv,
        vi1_0.notes,
        vi1_0.permission_level,
        vi1_0.title,
        vi1_0.updated_at,
        vi1_0.url,
        vi1_0.user_id,
        vi1_0.username 
    from
        vault_items vi1_0
Hibernate: 
    select
        u1_0.id,
        u1_0.email,
        u1_0.full_name,
        u1_0.password_hash,
        u1_0.username 
    from
        users u1_0
Hibernate: 
    insert 
    into
        users
        (email, full_name, password_hash, username) 
    values
        (?, ?, ?, ?)
Hibernate: 
    insert 
    into
        users
        (email, full_name, password_hash, username) 
    values
        (?, ?, ?, ?)
Hibernate: 
    select
        ls1_0.id,
        ls1_0.activity,
        ls1_0.email,
        ls1_0.login_status,
        ls1_0.date_and_time 
    from
        login_security ls1_0 
    where
        upper(ls1_0.email)=upper(?) 
        or upper(ls1_0.email)=upper(?) 
    order by
        ls1_0.date_and_time desc
]]></system-out>
  </testcase>
  <testcase name="testShareCredentialNonExistingUser" classname="com.infosys.vault.SecurityWorkflowTest" time="0.258">
    <system-out><![CDATA[Hibernate: 
    select
        vi1_0.id,
        vi1_0.category,
        vi1_0.created_at,
        vi1_0.encrypted_password,
        vi1_0.is_favorite,
        vi1_0.iv,
        vi1_0.notes,
        vi1_0.permission_level,
        vi1_0.title,
        vi1_0.updated_at,
        vi1_0.url,
        vi1_0.user_id,
        vi1_0.username 
    from
        vault_items vi1_0
Hibernate: 
    select
        u1_0.id,
        u1_0.email,
        u1_0.full_name,
        u1_0.password_hash,
        u1_0.username 
    from
        users u1_0
Hibernate: 
    insert 
    into
        users
        (email, full_name, password_hash, username) 
    values
        (?, ?, ?, ?)
Hibernate: 
    insert 
    into
        users
        (email, full_name, password_hash, username) 
    values
        (?, ?, ?, ?)
Hibernate: 
    insert 
    into
        vault_items
        (category, created_at, encrypted_password, is_favorite, iv, notes, permission_level, title, updated_at, url, user_id, username, id) 
    values
        (?, ?, ?, ?, ?, ?, ?, ?, ?, ?, ?, ?, ?)
Hibernate: 
    delete 
    from
        vault_items 
    where
        id=?
Hibernate: 
    delete 
    from
        vault_items 
    where
        id=?
Hibernate: 
    delete 
    from
        vault_items 
    where
        id=?
Hibernate: 
    delete 
    from
        users 
    where
        id=?
Hibernate: 
    delete 
    from
        users 
    where
        id=?
Hibernate: 
    select
        vi1_0.id,
        vi1_0.category,
        vi1_0.created_at,
        vi1_0.encrypted_password,
        vi1_0.is_favorite,
        vi1_0.iv,
        vi1_0.notes,
        vi1_0.permission_level,
        vi1_0.title,
        vi1_0.updated_at,
        vi1_0.url,
        vi1_0.user_id,
        vi1_0.username 
    from
        vault_items vi1_0 
    left join
        users u1_0 
            on u1_0.id=vi1_0.user_id 
    where
        vi1_0.id=? 
        and u1_0.id=?
Hibernate: 
    select
        u1_0.id,
        u1_0.email,
        u1_0.full_name,
        u1_0.password_hash,
        u1_0.username 
    from
        users u1_0 
    where
        upper(u1_0.email)=upper(?)
Hibernate: 
    select
        u1_0.id,
        u1_0.email,
        u1_0.full_name,
        u1_0.password_hash,
        u1_0.username 
    from
        users u1_0 
    where
        upper(u1_0.username)=upper(?)
]]></system-out>
  </testcase>
  <testcase name="testGetPasswordHealthReport" classname="com.infosys.vault.SecurityWorkflowTest" time="0.268">
    <system-out><![CDATA[Hibernate: 
    select
        vi1_0.id,
        vi1_0.category,
        vi1_0.created_at,
        vi1_0.encrypted_password,
        vi1_0.is_favorite,
        vi1_0.iv,
        vi1_0.notes,
        vi1_0.permission_level,
        vi1_0.title,
        vi1_0.updated_at,
        vi1_0.url,
        vi1_0.user_id,
        vi1_0.username 
    from
        vault_items vi1_0
Hibernate: 
    select
        u1_0.id,
        u1_0.email,
        u1_0.full_name,
        u1_0.password_hash,
        u1_0.username 
    from
        users u1_0
Hibernate: 
    insert 
    into
        users
        (email, full_name, password_hash, username) 
    values
        (?, ?, ?, ?)
Hibernate: 
    insert 
    into
        users
        (email, full_name, password_hash, username) 
    values
        (?, ?, ?, ?)
Hibernate: 
    delete 
    from
        vault_items 
    where
        id=?
Hibernate: 
    delete 
    from
        vault_items 
    where
        id=?
Hibernate: 
    delete 
    from
        vault_items 
    where
        id=?
Hibernate: 
    delete 
    from
        users 
    where
        id=?
Hibernate: 
    delete 
    from
        users 
    where
        id=?
Hibernate: 
    select
        vi1_0.id,
        vi1_0.category,
        vi1_0.created_at,
        vi1_0.encrypted_password,
        vi1_0.is_favorite,
        vi1_0.iv,
        vi1_0.notes,
        vi1_0.permission_level,
        vi1_0.title,
        vi1_0.updated_at,
        vi1_0.url,
        vi1_0.user_id,
        vi1_0.username 
    from
        vault_items vi1_0 
    left join
        users u1_0 
            on u1_0.id=vi1_0.user_id 
    where
        u1_0.id=? 
    order by
        vi1_0.updated_at desc
]]></system-out>
  </testcase>
  <testcase name="testGetAuditLogs" classname="com.infosys.vault.SecurityWorkflowTest" time="0.228">
    <system-out><![CDATA[Hibernate: 
    select
        vi1_0.id,
        vi1_0.category,
        vi1_0.created_at,
        vi1_0.encrypted_password,
        vi1_0.is_favorite,
        vi1_0.iv,
        vi1_0.notes,
        vi1_0.permission_level,
        vi1_0.title,
        vi1_0.updated_at,
        vi1_0.url,
        vi1_0.user_id,
        vi1_0.username 
    from
        vault_items vi1_0
Hibernate: 
    select
        u1_0.id,
        u1_0.email,
        u1_0.full_name,
        u1_0.password_hash,
        u1_0.username 
    from
        users u1_0
Hibernate: 
    insert 
    into
        users
        (email, full_name, password_hash, username) 
    values
        (?, ?, ?, ?)
Hibernate: 
    insert 
    into
        users
        (email, full_name, password_hash, username) 
    values
        (?, ?, ?, ?)
Hibernate: 
    select
        al1_0.id,
        al1_0.action,
        al1_0.description,
        al1_0.email,
        al1_0.timestamp,
        al1_0.user_id 
    from
        audit_logs al1_0 
    where
        upper(al1_0.email)=upper(?) 
        or upper(al1_0.email)=upper(?) 
    order by
        al1_0.timestamp desc
]]></system-out>
  </testcase>
  <testcase name="testLoginInvalidPassword" classname="com.infosys.vault.SecurityWorkflowTest" time="0.407">
    <system-out><![CDATA[Hibernate: 
    select
        vi1_0.id,
        vi1_0.category,
        vi1_0.created_at,
        vi1_0.encrypted_password,
        vi1_0.is_favorite,
        vi1_0.iv,
        vi1_0.notes,
        vi1_0.permission_level,
        vi1_0.title,
        vi1_0.updated_at,
        vi1_0.url,
        vi1_0.user_id,
        vi1_0.username 
    from
        vault_items vi1_0
Hibernate: 
    select
        u1_0.id,
        u1_0.email,
        u1_0.full_name,
        u1_0.password_hash,
        u1_0.username 
    from
        users u1_0
Hibernate: 
    insert 
    into
        users
        (email, full_name, password_hash, username) 
    values
        (?, ?, ?, ?)
Hibernate: 
    insert 
    into
        users
        (email, full_name, password_hash, username) 
    values
        (?, ?, ?, ?)
Hibernate: 
    delete 
    from
        vault_items 
    where
        id=?
Hibernate: 
    delete 
    from
        vault_items 
    where
        id=?
Hibernate: 
    delete 
    from
        vault_items 
    where
        id=?
Hibernate: 
    delete 
    from
        users 
    where
        id=?
Hibernate: 
    delete 
    from
        users 
    where
        id=?
Hibernate: 
    select
        u1_0.id,
        u1_0.email,
        u1_0.full_name,
        u1_0.password_hash,
        u1_0.username 
    from
        users u1_0 
    where
        u1_0.email=?
Hibernate: 
    insert 
    into
        login_security
        (activity, email, login_status, date_and_time) 
    values
        (?, ?, ?, ?)
Hibernate: 
    insert 
    into
        audit_logs
        (action, description, email, timestamp, user_id) 
    values
        (?, ?, ?, ?, ?)
Hibernate: 
    select
        u1_0.id,
        u1_0.email,
        u1_0.full_name,
        u1_0.password_hash,
        u1_0.username 
    from
        users u1_0 
    where
        u1_0.id=?
Hibernate: 
    select
        ls1_0.id,
        ls1_0.activity,
        ls1_0.email,
        ls1_0.login_status,
        ls1_0.date_and_time 
    from
        login_security ls1_0 
    where
        upper(ls1_0.email)=upper(?) 
        or upper(ls1_0.email)=upper(?) 
    order by
        ls1_0.date_and_time desc
Hibernate: 
    select
        sa1_0.id,
        sa1_0.activity_type,
        sa1_0.description,
        sa1_0.detected_at,
        sa1_0.email,
        sa1_0.status,
        sa1_0.user_id 
    from
        suspicious_activities sa1_0 
    where
        upper(sa1_0.email)=upper(?) 
        or upper(sa1_0.email)=upper(?) 
    order by
        sa1_0.detected_at desc
]]></system-out>
  </testcase>
  <testcase name="testViewOnlyRecipientCannotEdit" classname="com.infosys.vault.SecurityWorkflowTest" time="0.231">
    <system-out><![CDATA[Hibernate: 
    select
        vi1_0.id,
        vi1_0.category,
        vi1_0.created_at,
        vi1_0.encrypted_password,
        vi1_0.is_favorite,
        vi1_0.iv,
        vi1_0.notes,
        vi1_0.permission_level,
        vi1_0.title,
        vi1_0.updated_at,
        vi1_0.url,
        vi1_0.user_id,
        vi1_0.username 
    from
        vault_items vi1_0
Hibernate: 
    select
        u1_0.id,
        u1_0.email,
        u1_0.full_name,
        u1_0.password_hash,
        u1_0.username 
    from
        users u1_0
Hibernate: 
    insert 
    into
        users
        (email, full_name, password_hash, username) 
    values
        (?, ?, ?, ?)
Hibernate: 
    insert 
    into
        users
        (email, full_name, password_hash, username) 
    values
        (?, ?, ?, ?)
Hibernate: 
    insert 
    into
        vault_items
        (category, created_at, encrypted_password, is_favorite, iv, notes, permission_level, title, updated_at, url, user_id, username, id) 
    values
        (?, ?, ?, ?, ?, ?, ?, ?, ?, ?, ?, ?, ?)
Hibernate: 
    delete 
    from
        vault_items 
    where
        id=?
Hibernate: 
    delete 
    from
        vault_items 
    where
        id=?
Hibernate: 
    delete 
    from
        vault_items 
    where
        id=?
Hibernate: 
    delete 
    from
        users 
    where
        id=?
Hibernate: 
    delete 
    from
        users 
    where
        id=?
Hibernate: 
    select
        vi1_0.id,
        vi1_0.category,
        vi1_0.created_at,
        vi1_0.encrypted_password,
        vi1_0.is_favorite,
        vi1_0.iv,
        vi1_0.notes,
        vi1_0.permission_level,
        vi1_0.title,
        vi1_0.updated_at,
        vi1_0.url,
        vi1_0.user_id,
        vi1_0.username 
    from
        vault_items vi1_0 
    left join
        users u1_0 
            on u1_0.id=vi1_0.user_id 
    where
        vi1_0.id=? 
        and u1_0.id=?
]]></system-out>
  </testcase>
  <testcase name="testRegisterSuccess" classname="com.infosys.vault.SecurityWorkflowTest" time="0.404">
    <system-out><![CDATA[Hibernate: 
    select
        vi1_0.id,
        vi1_0.category,
        vi1_0.created_at,
        vi1_0.encrypted_password,
        vi1_0.is_favorite,
        vi1_0.iv,
        vi1_0.notes,
        vi1_0.permission_level,
        vi1_0.title,
        vi1_0.updated_at,
        vi1_0.url,
        vi1_0.user_id,
        vi1_0.username 
    from
        vault_items vi1_0
Hibernate: 
    select
        u1_0.id,
        u1_0.email,
        u1_0.full_name,
        u1_0.password_hash,
        u1_0.username 
    from
        users u1_0
Hibernate: 
    insert 
    into
        users
        (email, full_name, password_hash, username) 
    values
        (?, ?, ?, ?)
Hibernate: 
    insert 
    into
        users
        (email, full_name, password_hash, username) 
    values
        (?, ?, ?, ?)
==================================================
>>> GENERATED OTP FOR [intern@infosys.test]: 035790 <<<
==================================================
Hibernate: 
    delete 
    from
        vault_items 
    where
        id=?
Hibernate: 
    delete 
    from
        vault_items 
    where
        id=?
Hibernate: 
    delete 
    from
        vault_items 
    where
        id=?
Hibernate: 
    delete 
    from
        users 
    where
        id=?
Hibernate: 
    delete 
    from
        users 
    where
        id=?
Hibernate: 
    select
        u1_0.id 
    from
        users u1_0 
    where
        u1_0.email=? 
    fetch
        first ? rows only
Hibernate: 
    select
        u1_0.id 
    from
        users u1_0 
    where
        u1_0.username=? 
    fetch
        first ? rows only
Hibernate: 
    insert 
    into
        users
        (email, full_name, password_hash, username) 
    values
        (?, ?, ?, ?)
Hibernate: 
    insert 
    into
        login_security
        (activity, email, login_status, date_and_time) 
    values
        (?, ?, ?, ?)
Hibernate: 
    insert 
    into
        audit_logs
        (action, description, email, timestamp, user_id) 
    values
        (?, ?, ?, ?, ?)
Hibernate: 
    select
        u1_0.id 
    from
        users u1_0 
    where
        u1_0.email=? 
    fetch
        first ? rows only
]]></system-out>
  </testcase>
</testsuite>